
============================================================
📝 TTS 請求
============================================================
原始文字: 你好！
台羅拼音: li2-ho2 !
✓ 音檔已生成: 33836 bytes
============================================================


============================================================
📝 TTS 請求
============================================================
原始文字: 有什麼我可以幫你解答的嗎？
台羅拼音: u7sia2mih8gua2e7sai2pang1li2kai2tape5bo5 ?
✓ 音檔已生成: 126508 bytes
============================================================


============================================================
📝 TTS 請求
============================================================
原始文字: 今天天氣好的話真的很適合外出走走，享受一下陽光和自然。
台羅拼音: ho2e5kiann5kiann5 , tsi8t .

============================================================
📝 TTS 請求
============================================================
原始文字: 今天天氣好的話真的很適合外出走走，享受一下陽光和自然。
台羅拼音: ho2e5kiann5kiann5 , tsi8t .
✓ 音檔已生成: 1536044 bytes
============================================================


============================================================
📝 TTS 請求
============================================================
原始文字: 今天天氣好的話真的很適合外出走走，享受一下陽光和自然。
台羅拼音: ho2e5kiann5kiann5 , tsi8t .
✓ 音檔已生成: 1536044 bytes
============================================================


============================================================
📝 TTS 請求
============================================================
原始文字: 你有沒有計畫要去哪裡？
台羅拼音: li2u7bo5beh4khi3 ?
✓ 音檔已生成: 1536044 bytes
============================================================


============================================================
📝 TTS 請求
============================================================
原始文字: 你有沒有計畫要去哪裡？
台羅拼音: li2u7bo5beh4khi3 ?
✓ 音檔已生成: 71212 bytes
============================================================

✓ 音檔已生成: 1536044 bytes
============================================================


============================================================
📝 TTS 請求
============================================================
原始文字: 你好咧！
台羅拼音: li2-ho2 !
✓ 音檔已生成: 38956 bytes
============================================================


============================================================
📝 TTS 請求
============================================================
原始文字: 阿強，最近好無？
台羅拼音: , ho2bo5 ?
✓ 音檔已生成: 40492 bytes
============================================================


============================================================
📝 TTS 請求
============================================================
原始文字: 今仔日天氣真好，日頭咧曬曬，出去走走甘有？
台羅拼音: ho2 , , khi3kiann5kiann5u7 ?

============================================================
📝 TTS 請求
============================================================
原始文字: 今仔日天氣真好，日頭咧曬曬，出去走走甘有？
台羅拼音: ho2 , , khi3kiann5kiann5u7 ?

============================================================
📝 TTS 請求
============================================================
原始文字: 今仔日天氣真好，日頭咧曬曬，出去走走甘有？
台羅拼音: ho2 , , khi3kiann5kiann5u7 ?

============================================================
📝 TTS 請求
============================================================
原始文字: 今仔日天氣真好，日頭咧曬曬，出去走走甘有？
台羅拼音: ho2 , , khi3kiann5kiann5u7 ?

============================================================
📝 TTS 請求
============================================================
原始文字: 今仔日天氣真好，日頭咧曬曬，出去走走甘有？
台羅拼音: ho2 , , khi3kiann5kiann5u7 ?

============================================================
📝 TTS 請求
============================================================
原始文字: 今仔日天氣真好，日頭咧曬曬，出去走走甘有？
台羅拼音: ho2 , , khi3kiann5kiann5u7 ?

============================================================
📝 TTS 請求
============================================================
原始文字: 你好啊，阿強！
台羅拼音: li2-ho2a0 , !
✓ 音檔已生成: 40492 bytes
============================================================


============================================================
📝 TTS 請求
============================================================
原始文字: 最近工作甘忙捏？
台羅拼音: tso3 ?
✓ 音檔已生成: 16940 bytes
============================================================


============================================================
📝 TTS 請求
============================================================
原始文字: 你好，阿強！
台羅拼音: li2-ho2 , !
✓ 音檔已生成: 41004 bytes
============================================================


============================================================
📝 TTS 請求
============================================================
原始文字: 咱台北的天氣較冷捏，台南咧？
台羅拼音: lan2tai5e5 , tai5 ?
✓ 音檔已生成: 73772 bytes
============================================================


============================================================
📝 TTS 請求
============================================================
原始文字: 還是熱乎乎的？
台羅拼音: si7e5 ?
✓ 音檔已生成: 23596 bytes
============================================================


============================================================
📝 TTS 請求
============================================================
原始文字: 你好，阿強！咱台北的天氣較冷捏，台南咧？還是熱乎乎的？
台羅拼音: li2-ho2 , ! lan2tai5e5 , tai5 ? si7e5 ?
✓ 音檔已生成: 1536044 bytes
============================================================


============================================================
📝 TTS 請求
============================================================
原始文字: 你好，阿強！咱台北的天氣較冷捏，台南咧？還是熱乎乎的？
台羅拼音: li2-ho2 , ! lan2tai5e5 , tai5 ? si7e5 ?
✓ 音檔已生成: 208940 bytes
============================================================


============================================================
📝 TTS 請求
============================================================
原始文字: 你好，阿強！咱台北的天氣較冷捏，台南咧？還是熱乎乎的？
台羅拼音: li2-ho2 , ! lan2tai5e5 , tai5 ? si7e5 ?
✓ 音檔已生成: 158764 bytes
============================================================


============================================================
📝 TTS 請求
============================================================
原始文字: 你好，阿強！咱台北的天氣較冷捏，台南咧？還是熱乎乎的？
台羅拼音: li2-ho2 , ! lan2 tai5 e5 , tai5 ? si7 e5 ?
✓ 音檔已生成: 1536044 bytes
============================================================


============================================================
📝 TTS 請求
============================================================
原始文字: 你好，阿強！咱台北的天氣較冷捏，台南咧？還是熱乎乎的？
台羅拼音: li2-ho2 , ! lan2 tai5 e5 , tai5 ? si7 e5 ?
✓ 音檔已生成: 221740 bytes
============================================================


============================================================
📝 TTS 請求
============================================================
原始文字: 你好咧！
台羅拼音: li2-ho2 !
✓ 音檔已生成: 34860 bytes
============================================================


============================================================
📝 TTS 請求
============================================================
原始文字: 旺伯按呢過得好不？
台羅拼音: ho2 ?
✓ 音檔已生成: 21548 bytes
============================================================


============================================================
📝 TTS 請求
============================================================
原始文字: 你好！
台羅拼音: li2-ho2 !
✓ 音檔已生成: 38716 bytes
============================================================


============================================================
📝 TTS 請求
============================================================
原始文字: 有什麼我可以幫助你的嗎？
台羅拼音: u7 sia2 mih8 gua2 e7 sai2 pang1 tsioo7 li2 e5 bo5 ?

============================================================
📝 TTS 請求
============================================================
原始文字: 有什麼我可以幫助你的嗎？
台羅拼音: u7 sia2 mih8 gua2 e7 sai2 pang1 tsioo7 li2 e5 bo5 ?
✓ 音檔已生成: 1547068 bytes
============================================================


============================================================
📝 TTS 請求
============================================================
原始文字: 有什麼我可以幫助你的嗎？
台羅拼音: u7 sia2 mih8 gua2 e7 sai2 pang1 tsioo7 li2 e5 bo5 ?
✓ 音檔已生成: 1547068 bytes
============================================================

✓ 音檔已生成: 1547068 bytes
============================================================


============================================================
📝 TTS 請求
============================================================
原始文字: 你好！
台羅拼音: li2-ho2 !
✓ 音檔已生成: 99644 bytes
============================================================


============================================================
📝 TTS 請求
============================================================
原始文字: 有什麼我可以幫助你的嗎？
台羅拼音: u7 sia2 mih8 gua2 e7 sai2 pang1 tsioo7 li2 e5 bo5 ?

============================================================
📝 TTS 請求
============================================================
原始文字: 有什麼我可以幫助你的嗎？
台羅拼音: u7 sia2 mih8 gua2 e7 sai2 pang1 tsioo7 li2 e5 bo5 ?
✓ 音檔已生成: 1547068 bytes
============================================================

✓ 音檔已生成: 131900 bytes
============================================================


============================================================
📝 TTS 請求
============================================================
原始文字: 是啊，陽光明媚的日子心情也會變好。
台羅拼音: si7 a0 , e5 tsing5 maa7 e7 ho2 .
✓ 音檔已生成: 1582668 bytes
============================================================


============================================================
📝 TTS 請求
============================================================
原始文字: 你打算怎麼利用這個好天氣呢？
台羅拼音: li2 tsit e5 ho2 ia7 ?
✓ 音檔已生成: 81724 bytes
============================================================


============================================================
📝 TTS 請求
============================================================
原始文字: 你好，阿強！咱台北的天氣較冷捏，台南咧？還是熱乎乎的？
台羅拼音: li2-ho2 , a1 kiong5 ! lan2 pak4 e5 thinn1-khi3 khah4 ling2 nia7 , ia7 ? si7 juah8 hoo7 hoo7 e5 ?
✓ 音檔已生成: 1806204 bytes
============================================================


============================================================
📝 TTS 請求
============================================================
原始文字: 你好！
台羅拼音: li2-ho2 !
✓ 音檔已生成: 332092 bytes
============================================================


============================================================
📝 TTS 請求
============================================================
原始文字: 有什麼我可以幫你解答的問題嗎？
台羅拼音: u7 sia2 gua2 thiann1 ho2 pang1 li2 kai2 tap e5 bo5 ?
✓ 音檔已生成: 1547068 bytes
============================================================


============================================================
📝 TTS 請求
============================================================
原始文字: 你好！
台羅拼音: li2-ho2 !
✓ 音檔已生成: 362300 bytes
============================================================


============================================================
📝 TTS 請求
============================================================
原始文字: 有什麼我可以幫你的嗎？
台羅拼音: u7 sia2 gua2 thiann1 ho2 pang1 lin2 bo5 ?
✓ 音檔已生成: 128316 bytes
============================================================


============================================================
📝 TTS 請求
============================================================
原始文字: 你好！
台羅拼音: li2-ho2 !
✓ 音檔已生成: 36142 bytes
============================================================


============================================================
📝 TTS 請求
============================================================
原始文字: 有什麼我可以幫助你的嗎？
台羅拼音: u7 sia2 gua2 thiann1 ho2 tsioo7 lin2 bo5 ?

============================================================
📝 TTS 請求
============================================================
原始文字: 有什麼我可以幫助你的嗎？
台羅拼音: u7 sia2 gua2 thiann1 ho2 tsioo7 lin2 bo5 ?
✓ 音檔已生成: 117550 bytes
============================================================

✓ 音檔已生成: 1543982 bytes
============================================================


============================================================
📝 TTS 請求
============================================================
原始文字: 年齡只是個數字，您的經驗和智慧對社會和家庭都是非常珍貴的資產。
台羅拼音: si7 e5 , e5 e7 si7 u7 e5 .

============================================================
📝 TTS 請求
============================================================
原始文字: 年齡只是個數字，您的經驗和智慧對社會和家庭都是非常珍貴的資產。
台羅拼音: si7 e5 , e5 e7 si7 u7 e5 .
✓ 音檔已生成: 1600048 bytes
============================================================


============================================================
📝 TTS 請求
============================================================
原始文字: 年齡只是個數字，您的經驗和智慧對社會和家庭都是非常珍貴的資產。
台羅拼音: si7 e5 , e5 e7 si7 u7 e5 .

============================================================
📝 TTS 請求
============================================================
原始文字: 您還有很多可以貢獻和享受的事物。
台羅拼音: u7 tse7 thiann1 ho2 e5 su7 mih8 .

============================================================
📝 TTS 請求
============================================================
原始文字: 你好！
台羅拼音: li2-ho2 !
TTS 錯誤: Sizes of tensors must match except in dimension 1. Expected size 31 but got size 7 for tensor number 1 in the list.
Traceback (most recent call last):
  File "integrated_voice_chat_api.py", line 332, in text_to_speech
    result = tts_system.synthesize_segmented(text, output_path, convert_chinese=True)
  File "/home/wizard/專題tts/taiwanese_tonal_tlpa_tacotron2_hsien1/taiwanese_tts_v2.py", line 547, in synthesize_segmented
    self.synthesizer.tts(content, temp_seg_path)
  File "/home/wizard/專題tts/taiwanese_tonal_tlpa_tacotron2_hsien1/han2tts.py", line 135, in tts
    _, mel, _, _ = self.tacotron.inference(seq)
  File "/home/wizard/專題tts/taiwanese_tonal_tlpa_tacotron2_hsien1/tacotron2/model.py", line 520, in inference
    mel_outputs, gate_outputs, alignments = self.decoder.inference(
  File "/home/wizard/專題tts/taiwanese_tonal_tlpa_tacotron2_hsien1/tacotron2/model.py", line 437, in inference
    mel_output, gate_output, alignment = self.decode(decoder_input)
  File "/home/wizard/專題tts/taiwanese_tonal_tlpa_tacotron2_hsien1/tacotron2/model.py", line 358, in decode
    attention_weights_cat = torch.cat(
RuntimeError: Sizes of tensors must match except in dimension 1. Expected size 31 but got size 7 for tensor number 1 in the list.

TTS 錯誤: The size of tensor a (7) must match the size of tensor b (31) at non-singleton dimension 1
Traceback (most recent call last):
  File "integrated_voice_chat_api.py", line 332, in text_to_speech
    result = tts_system.synthesize_segmented(text, output_path, convert_chinese=True)
  File "/home/wizard/專題tts/taiwanese_tonal_tlpa_tacotron2_hsien1/taiwanese_tts_v2.py", line 547, in synthesize_segmented
    self.synthesizer.tts(content, temp_seg_path)
  File "/home/wizard/專題tts/taiwanese_tonal_tlpa_tacotron2_hsien1/han2tts.py", line 135, in tts
    _, mel, _, _ = self.tacotron.inference(seq)
  File "/home/wizard/專題tts/taiwanese_tonal_tlpa_tacotron2_hsien1/tacotron2/model.py", line 520, in inference
    mel_outputs, gate_outputs, alignments = self.decoder.inference(
  File "/home/wizard/專題tts/taiwanese_tonal_tlpa_tacotron2_hsien1/tacotron2/model.py", line 437, in inference
    mel_output, gate_output, alignment = self.decode(decoder_input)
  File "/home/wizard/專題tts/taiwanese_tonal_tlpa_tacotron2_hsien1/tacotron2/model.py", line 365, in decode
    self.attention_weights_cum += self.attention_weights
RuntimeError: The size of tensor a (7) must match the size of tensor b (31) at non-singleton dimension 1


============================================================
📝 TTS 請求
============================================================
原始文字: 有什麼我可以幫忙的嗎？
台羅拼音: u7 sia2 gua2 thiann1 ho2 tsioo7 e5 bo5 ?
✓ 音檔已生成: 1591856 bytes
============================================================


============================================================
📝 TTS 請求
============================================================
原始文字: 有什麼我可以幫忙的嗎？
台羅拼音: u7 sia2 gua2 thiann1 ho2 tsioo7 e5 bo5 ?

============================================================
📝 TTS 請求
============================================================
原始文字: 有什麼我可以幫忙的嗎？
台羅拼音: u7 sia2 gua2 thiann1 ho2 tsioo7 e5 bo5 ?
✓ 音檔已生成: 1595952 bytes
============================================================

✓ 音檔已生成: 1543982 bytes
============================================================

✓ 音檔已生成: 1543982 bytes
============================================================

✓ 音檔已生成: 1543982 bytes
============================================================


============================================================
📝 TTS 請求
============================================================
原始文字: 你好！阿強，台北較冷捏，還是熱乎乎？
台羅拼音: li2-ho2 ! a1 kiong5 , pak4 khah4 ling2 nia7 , si7 juah8 hoo7 hoo7 ?

============================================================
📝 TTS 請求
============================================================
原始文字: 你好！阿強，台北較冷捏，還是熱乎乎？
台羅拼音: li2-ho2 ! a1 kiong5 , pak4 khah4 ling2 nia7 , si7 juah8 hoo7 hoo7 ?
✓ 音檔已生成: 1698868 bytes
============================================================


============================================================
📝 TTS 請求
============================================================
原始文字: 你好
台羅拼音: li2-ho2
✓ 音檔已生成: 28716 bytes
============================================================


============================================================
📝 TTS 請求
============================================================
原始文字: 你好！阿強，台北較冷捏，還是熱乎乎？
台羅拼音: li2-ho2 ! a1 kiong5 , pak4 khah4 ling2 nia7 , si7 juah8 hoo7 hoo7 ?

============================================================
📝 TTS 請求
============================================================
原始文字: 你好！阿強，台北較冷捏，還是熱乎乎？
台羅拼音: li2-ho2 ! a1 kiong5 , pak4 khah4 ling2 nia7 , si7 juah8 hoo7 hoo7 ?

============================================================
📝 TTS 請求
============================================================
原始文字: 你好！阿強，台北較冷捏，還是熱乎乎？
台羅拼音: li2-ho2 ! a1 kiong5 , pak4 khah4 ling2 nia7 , si7 juah8 hoo7 hoo7 ?
✓ 音檔已生成: 299052 bytes
============================================================


============================================================
📝 TTS 請求
============================================================
原始文字: 你好！
台羅拼音: li2-ho2 !
✓ 音檔已生成: 41004 bytes
============================================================


============================================================
📝 TTS 請求
============================================================
原始文字: 有什麼我可以幫忙的嗎？
台羅拼音: u7 sia2 gua2 thiann1 ho2 tsioo7 e5 bo5 ?
✓ 音檔已生成: 102444 bytes
============================================================


============================================================
📝 TTS 請求
============================================================
原始文字: 年齡只是數字，人生的每個階段都有它的價值和意義。
台羅拼音: si7 , e5 e5 u7 i1 e5 .
✓ 音檔已生成: 81964 bytes
============================================================


============================================================
📝 TTS 請求
============================================================
原始文字: 你擁有豐富的經驗和智慧，這些都是年輕人無法比擬的。
台羅拼音: li2 u7 e5 , e5 si7 tso2 be7 e5 .
✓ 音檔已生成: 114732 bytes
============================================================


============================================================
📝 TTS 請求
============================================================
原始文字: 您有興趣分享一些您的經歷或者尋找新的興趣愛好嗎？
台羅拼音: u7 e5 si7 sin1 e5 bo5 ?
✓ 音檔已生成: 73772 bytes
============================================================


============================================================
📝 TTS 請求
============================================================
原始文字: 是啊，陽光明媚的日子特別適合外出走走，呼吸新鮮空氣。
台羅拼音: si7 a0 , e5 , .
✓ 音檔已生成: 749612 bytes
============================================================


============================================================
📝 TTS 請求
============================================================
原始文字: 你有沒有打算去哪裡呢？
台羅拼音: li2 u7 bo5 siunn7 kong2 khi3 ia7 ?
✓ 音檔已生成: 110636 bytes
============================================================


============================================================
📝 TTS 請求
============================================================
原始文字: 你好！
台羅拼音: li2-ho2 !
✓ 音檔已生成: 36908 bytes
============================================================


============================================================
📝 TTS 請求
============================================================
原始文字: 按呢過日子？
台羅拼音: ia7 ?
✓ 音檔已生成: 24620 bytes
============================================================


============================================================
📝 TTS 請求
============================================================
原始文字: 毋通按呢想！
台羅拼音: ia7 siunn7 !
✓ 音檔已生成: 45100 bytes
============================================================


============================================================
📝 TTS 請求
============================================================
原始文字: 人老了尚有彼麼多經驗，抹趁機會教伊子孫嘛是有影的。
台羅拼音: u7 mih tse7 , i1 si7 u7 e5 .
✓ 音檔已生成: 94252 bytes
============================================================


[台羅轉換] 原文: 你好！今仔日天氣真好，日頭高高的。若欲出去捌，記得著遮陽帽喔！
[台羅轉換] 台羅: li2-ho2 ! thinn1-khi3 ho2 , e5 . khi3 , e7 e7 o0 !


============================================================
📝 TTS 請求
============================================================
輸入文字: li2-ho2 ! thinn1-khi3 ho2
✓ 檢測到台羅數字調格式，直接使用
✓ 音檔已生成: 147500 bytes
============================================================


[台羅轉換] 原文: 我會講台語！有啥物欲問的，隨便問咧。
[台羅轉換] 台羅: gua2 e7 kong2 tai5-gi2 ! u7 sia2 mih8 bun7 e5 , bun7 ia7 .


============================================================
📝 TTS 請求
============================================================
輸入文字: gua2 e7 kong2 tai5-gi2 ! u7 sia2 mih8 bun7 e5 , bun7 ia7 .
✓ 檢測到台羅數字調格式，直接使用
✓ 音檔已生成: 278572 bytes
============================================================


============================================================
📝 TTS 請求
============================================================
輸入文字: 你好世界
原始文字: 你好世界
轉換台羅: li2-ho2 si3
✓ 音檔已生成: 528428 bytes
============================================================


[台羅轉換] 原文: 你好！我無名，按怎若乎你叫我「小助手」就好。
[台羅轉換] 台羅: li2-ho2 ! gua2 bo5 , hoo7 li2 gua2 se3 to7 ho2 .


============================================================
📝 TTS 請求
============================================================
輸入文字: li2-ho2 ! gua2 bo5 , hoo7 li2 gua2 se3 to7 ho2 .
✓ 檢測到台羅數字調格式，直接使用
✓ 音檔已生成: 217132 bytes
============================================================


[台羅轉換] 原文: 我毋知乎即時天氣，但你可以去查查手機的天氣預報軟體，彼會較準。
[台羅轉換] 台羅: gua2 tsai1 hoo7 thinn1-khi3 , li2 thiann1 ho2 khi3 tshiu2-ki1 e5 thinn1-khi3 , e7 khah4 .


============================================================
📝 TTS 請求
============================================================
輸入文字: gua2 tsai1 hoo7 thinn1-khi3 , li2 thiann1 ho2 khi3 tshiu2-ki1 e5 thinn1-khi3 , e7 khah4 .
✓ 檢測到台羅數字調格式，直接使用
✓ 音檔已生成: 397356 bytes
============================================================


[台羅轉換] 原文: 我會講台語！有啥物欲問的，盡量問，我會當幫你解答。
[台羅轉換] 台羅: gua2 e7 kong2 tai5-gi2 ! u7 sia2 mih8 bun7 e5 , bun7 , gua2 e7 pang1 li2 kai2 tap .


============================================================
📝 TTS 請求
============================================================
輸入文字: gua2 e7 kong2 tai5-gi2 ! u7 sia2 mih8 bun7 e5 , bun7 , gua2 e7 pang1 li2 kai2 tap .
✓ 檢測到台羅數字調格式，直接使用
✓ 音檔已生成: 430124 bytes
============================================================


[台羅轉換] 原文: 大家好！我是 AI 助手，專門欲幫人解問題、提供資料。無論是科技、文學抑是日常生活的琐事，按呢問我，我會儘量幫你找答案。
[台羅轉換] 台羅: ho2 ! gua2 si7 , pang1 kai2 , . si7 , si7 e5 su7 , ia7 bun7 gua2 , gua2 e7 pang1 li2 kai2 tap .


============================================================
📝 TTS 請求
============================================================
輸入文字: ho2 ! gua2 si7 , pang1 kai2 , . si7 , si7 e5 su7 , ia7 bun7 gua2 , gua2 e7 pang1 li2 kai2 tap .
✓ 檢測到台羅數字調格式，直接使用
✓ 音檔已生成: 512044 bytes
============================================================


[台羅轉換] 原文: 你好啊！甘好？
[台羅轉換] 台羅: li2-ho2 a0 ! ho2 ?


============================================================
📝 TTS 請求
============================================================
輸入文字: 你好啊！
原始文字: 你好啊！
轉換台羅: li2-ho2 a0 !
✓ 音檔已生成: 49196 bytes
============================================================


============================================================
📝 TTS 請求
============================================================
輸入文字: 甘好？
原始文字: 甘好？
轉換台羅: ho2 ?
✓ 音檔已生成: 20524 bytes
============================================================


[台羅轉換] 原文: 我好免講，你呢？過日子按怎？
[台羅轉換] 台羅: gua2 ho2 kong2 , li2 ia7 ? ?


============================================================
📝 TTS 請求
============================================================
輸入文字: li2-ho2 a0 ! kan1-ho2 ?
✓ 檢測到台羅數字調格式，直接使用
✓ 音檔已生成: 81964 bytes
============================================================


============================================================
📝 TTS 請求
============================================================
輸入文字: li2-ho2 a0 ! kan1-ho2 ?
✓ 檢測到台羅數字調格式，直接使用
✓ 音檔已生成: 86060 bytes
============================================================


============================================================
📝 TTS 請求
============================================================
輸入文字: tsiok4 kik4 tsiok4 tsin1 bun7 ai3
✓ 檢測到台羅數字調格式，直接使用
✓ 音檔已生成: 90156 bytes
============================================================


============================================================
📝 TTS 請求
============================================================
輸入文字: li2-ho2 a0 ! kan1-ho2 ?
✓ 檢測到台羅數字調格式，直接使用
✓ 音檔已生成: 90156 bytes
============================================================


============================================================
📝 TTS 請求
============================================================
輸入文字: bu7-tsi1 tsiok4 kik4 tsiok4 tsin1 bun7 ai3
✓ 檢測到台羅數字調格式，直接使用
✓ 音檔已生成: 1536044 bytes
============================================================


[台羅轉換] 原文: 你好啊！盍按怎？
[台羅轉換] 台羅: li2-ho2 a0 ! ?


============================================================
📝 TTS 請求
============================================================
輸入文字: 你好啊！
原始文字: 你好啊！
轉換台羅: li2-ho2 a0 !
✓ 音檔已生成: 49196 bytes
============================================================


============================================================
📝 TTS 請求
============================================================
輸入文字: 盍按怎？
原始文字: 盍按怎？
轉換台羅: ?
✓ 音檔已生成: 73772 bytes
============================================================


============================================================
📝 TTS 請求
============================================================
輸入文字: li2-ho2 a0 ! o2 an1-tsuann2 ?
✓ 檢測到台羅數字調格式，直接使用
✓ 音檔已生成: 110636 bytes
============================================================


============================================================
📝 TTS 請求
============================================================
輸入文字: li2-ho2 a0 ! kan1-ho2 ?
✓ 檢測到台羅數字調格式，直接使用
✓ 音檔已生成: 86060 bytes
============================================================


============================================================
📝 TTS 請求
============================================================
輸入文字: li2-ho2 a0 ! o2 an1-tsuann2 ?
✓ 檢測到台羅數字調格式，直接使用
✓ 音檔已生成: 86060 bytes
============================================================


============================================================
📝 TTS 請求
============================================================
輸入文字: an1-ne1 an1-ne1-iunn7 ui7-sia2
✓ 檢測到台羅數字調格式，直接使用
✓ 音檔已生成: 77868 bytes
============================================================


[台羅轉換] 原文: 你好！汝好，我是台灣台語 AI 助手。請問有什麼我能幫忙的？
[台羅轉換] 台羅: li2-ho2 ! ho2 , gua2 si7 tai5 tai5-gi2 . bun7 u7 sia2 gua2 ling5 tsioo7 e5 ?


============================================================
📝 TTS 請求
============================================================
輸入文字: 你好！
原始文字: 你好！
轉換台羅: li2-ho2 !
✓ 音檔已生成: 36908 bytes
============================================================


============================================================
📝 TTS 請求
============================================================
輸入文字: 汝好，我是台灣台語 AI 助手。
原始文字: 汝好，我是台灣台語 AI 助手。
轉換台羅: ho2 , gua2 si7 tai5 tai5-gi2 .
✓ 音檔已生成: 81964 bytes
============================================================


============================================================
📝 TTS 請求
============================================================
輸入文字: 請問有什麼我能幫忙的？
原始文字: 請問有什麼我能幫忙的？
轉換台羅: bun7 u7 sia2 gua2 ling5 tsioo7 e5 ?
✓ 音檔已生成: 106540 bytes
============================================================


[台羅轉換] 原文: Li hó! Chhiáⁿ, guá án-ne kā lí kāng-khòo.
[台羅轉換] 台羅: ! , .


[台羅轉換] 原文: 你好！恁好，欲按怎？
[台羅轉換] 台羅: li2-ho2 ! lin2 ho2 , bun7 an1-tsuann2 ?


============================================================
📝 TTS 請求
============================================================
輸入文字: 你好！
原始文字: 你好！
轉換台羅: li2-ho2 !
✓ 音檔已生成: 32812 bytes
============================================================


============================================================
📝 TTS 請求
============================================================
輸入文字: 恁好，欲按怎？
原始文字: 恁好，欲按怎？
轉換台羅: lin2 ho2 , bun7 an1-tsuann2 ?
✓ 音檔已生成: 118828 bytes
============================================================


[台羅轉換] 原文: 這擱無免講，過年囉，攏是在買菜過年。少去市場紲擠，免驚乎人推倒。
[台羅轉換] 台羅: tsit bo5 kong2 , sin1 , si7 ti7 sin1 . tso2 khui3 , hoo7 tua2 .


============================================================
📝 TTS 請求
============================================================
輸入文字: 這擱無免講，過年囉，攏是在買菜過年。
原始文字: 這擱無免講，過年囉，攏是在買菜過年。
轉換台羅: tsit bo5 kong2 , sin1 , si7 ti7 sin1 .
✓ 音檔已生成: 163884 bytes
============================================================


============================================================
📝 TTS 請求
============================================================
輸入文字: 少去市場紲擠，免驚乎人推倒。
原始文字: 少去市場紲擠，免驚乎人推倒。
轉換台羅: tso2 khui3 , hoo7 tua2 .
✓ 音檔已生成: 135212 bytes
============================================================


[台羅轉換] 原文: 你好！按呢有啥物我可以幫你？
[台羅轉換] 台羅: li2-ho2 ! an1 ia7 u7 sia2 mih8 gua2 thiann1 ho2 pang1 li2 ?


============================================================
📝 TTS 請求
============================================================
輸入文字: 你好！
原始文字: 你好！
轉換台羅: li2-ho2 !
✓ 音檔已生成: 41004 bytes
============================================================


============================================================
📝 TTS 請求
============================================================
輸入文字: 按呢有啥物我可以幫你？
原始文字: 按呢有啥物我可以幫你？
轉換台羅: an1 ia7 u7 sia2 mih8 gua2 thiann1 ho2 pang1 li2 ?
✓ 音檔已生成: 143404 bytes
============================================================


[台羅轉換] 原文: 今仔日天氣真瀾，適合出去走走捏！
[台羅轉換] 台羅: thinn1-khi3 , khui3 nia7 !


============================================================
📝 TTS 請求
============================================================
輸入文字: 今仔日天氣真瀾，適合出去走走捏！
原始文字: 今仔日天氣真瀾，適合出去走走捏！
轉換台羅: thinn1-khi3 , khui3 nia7 !
✓ 音檔已生成: 143404 bytes
============================================================


[台羅轉換] 原文: 你好！按呢過得好不？
[台羅轉換] 台羅: li2-ho2 ! an1 ia7 ho2 bu7 ?


============================================================
📝 TTS 請求
============================================================
輸入文字: 你好！
原始文字: 你好！
轉換台羅: li2-ho2 !
✓ 音檔已生成: 32812 bytes
============================================================


============================================================
📝 TTS 請求
============================================================
輸入文字: 按呢過得好不？
原始文字: 按呢過得好不？
轉換台羅: an1 ia7 ho2 bu7 ?
✓ 音檔已生成: 61484 bytes
============================================================


[台羅轉換] 原文: 你好！有啥物我可以幫你？
[台羅轉換] 台羅: li2-ho2 ! u7 sia2 mih8 gua2 thiann1 ho2 pang1 li2 ?


============================================================
📝 TTS 請求
============================================================
輸入文字: 你好！
原始文字: 你好！
轉換台羅: li2-ho2 !
✓ 音檔已生成: 32812 bytes
============================================================


============================================================
📝 TTS 請求
============================================================
輸入文字: 有啥物我可以幫你？
原始文字: 有啥物我可以幫你？
轉換台羅: u7 sia2 mih8 gua2 thiann1 ho2 pang1 li2 ?
✓ 音檔已生成: 151596 bytes
============================================================


[台羅轉換] 原文: 你好！恁乎愛講咩？
[台羅轉換] 台羅: li2-ho2 ! lin2 hoo7 ai3 kong2 ?


============================================================
📝 TTS 請求
============================================================
輸入文字: 你好！
原始文字: 你好！
轉換台羅: li2-ho2 !
✓ 音檔已生成: 41004 bytes
============================================================


============================================================
📝 TTS 請求
============================================================
輸入文字: 恁乎愛講咩？
原始文字: 恁乎愛講咩？
轉換台羅: lin2 hoo7 ai3 kong2 ?
✓ 音檔已生成: 57388 bytes
============================================================


[台羅轉換] 原文: 你好！汝好，我是台灣台語 AI 助手，請問有什麼我可以幫汝的？
[台羅轉換] 台羅: li2-ho2 ! ho2 , gua2 si7 tai5 tai5-gi2 , bun7 u7 sia2 gua2 thiann1 ho2 pang1 e5 ?


============================================================
📝 TTS 請求
============================================================
輸入文字: 你好！
原始文字: 你好！
轉換台羅: li2-ho2 !
✓ 音檔已生成: 36908 bytes
============================================================


============================================================
📝 TTS 請求
============================================================
輸入文字: 汝好，我是台灣台語 AI 助手，請問有什麼我可以幫汝的？
原始文字: 汝好，我是台灣台語 AI 助手，請問有什麼我可以幫汝的？
轉換台羅: ho2 , gua2 si7 tai5 tai5-gi2 , bun7 u7 sia2 gua2 thiann1 ho2 pang1 e5 ?
✓ 音檔已生成: 270380 bytes
============================================================


[台羅轉換] 原文: 是啊！天氣好的時, 出去走走最好。乎心情也轉好。
[台羅轉換] 台羅: si7 a0 ! thinn1-khi3 ho2 e5 , khui3 tsiong7 ho2 . hoo7 tsing5 maa7 ho2 .


============================================================
📝 TTS 請求
============================================================
輸入文字: 是啊！
原始文字: 是啊！
轉換台羅: si7 a0 !

============================================================
📝 TTS 請求
============================================================
輸入文字: 是啊！
原始文字: 是啊！
轉換台羅: si7 a0 !
✓ 音檔已生成: 28716 bytes
============================================================


============================================================
📝 TTS 請求
============================================================
輸入文字: 天氣好的時, 出去走走最好。
原始文字: 天氣好的時, 出去走走最好。
轉換台羅: thinn1-khi3 ho2 e5 , khui3 tsiong7 ho2 .
✓ 音檔已生成: 32812 bytes
============================================================


============================================================
📝 TTS 請求
============================================================
輸入文字: 天氣好的時, 出去走走最好。
原始文字: 天氣好的時, 出去走走最好。
轉換台羅: thinn1-khi3 ho2 e5 , khui3 tsiong7 ho2 .
✓ 音檔已生成: 167980 bytes
============================================================


============================================================
📝 TTS 請求
============================================================
輸入文字: 乎心情也轉好。
原始文字: 乎心情也轉好。
轉換台羅: hoo7 tsing5 maa7 ho2 .
✓ 音檔已生成: 176172 bytes
============================================================


============================================================
📝 TTS 請求
============================================================
輸入文字: 乎心情也轉好。
原始文字: 乎心情也轉好。
轉換台羅: hoo7 tsing5 maa7 ho2 .
✓ 音檔已生成: 57388 bytes
============================================================

✓ 音檔已生成: 53292 bytes
============================================================


[台羅轉換] 原文: Tian-khì tsin hó! Ū siánn-mih kếng-khì án-ni hó?
[台羅轉換] 台羅: ! ?


[台羅轉換] 原文: 是啊！天氣好的時, 出去走走真爽。
[台羅轉換] 台羅: si7 a0 ! thinn1-khi3 ho2 e5 , khui3 .


============================================================
📝 TTS 請求
============================================================
輸入文字: 是啊！
原始文字: 是啊！
轉換台羅: si7 a0 !
✓ 音檔已生成: 28716 bytes
============================================================


============================================================
📝 TTS 請求
============================================================
輸入文字: 天氣好的時, 出去走走真爽。
原始文字: 天氣好的時, 出去走走真爽。
轉換台羅: thinn1-khi3 ho2 e5 , khui3 .
✓ 音檔已生成: 167980 bytes
============================================================


[台羅轉換] 原文: 你好！按怎捌？
[台羅轉換] 台羅: li2-ho2 ! an1-tsuann2 ?


============================================================
📝 TTS 請求
============================================================
輸入文字: 你好！
原始文字: 你好！
轉換台羅: li2-ho2 !
✓ 音檔已生成: 32812 bytes
============================================================


============================================================
📝 TTS 請求
============================================================
輸入文字: 按怎捌？
原始文字: 按怎捌？
轉換台羅: an1-tsuann2 ?
✓ 音檔已生成: 36908 bytes
============================================================


[台羅轉換] 原文: 是嘛！好天氣真適合出去行走，或是去濱海踏浪。
[台羅轉換] 台羅: si7 maa7 ! ho2 khui3 kiann5 kiann5 , si7 khui3 tshoa8h .


============================================================
📝 TTS 請求
============================================================
輸入文字: 是嘛！
原始文字: 是嘛！
轉換台羅: si7 maa7 !
✓ 音檔已生成: 32812 bytes
============================================================


============================================================
📝 TTS 請求
============================================================
輸入文字: 好天氣真適合出去行走，或是去濱海踏浪。
原始文字: 好天氣真適合出去行走，或是去濱海踏浪。
轉換台羅: ho2 khui3 kiann5 kiann5 , si7 khui3 tshoa8h .
✓ 音檔已生成: 139308 bytes
============================================================


[台羅轉換] 原文: Li hó! Chit-má án-ne sī gua gí-kiānn?
[台羅轉換] 台羅: ! ?


============================================================
📝 TTS 請求
============================================================
輸入文字: Li hó!
原始文字: Li hó!
轉換台羅: !
✓ 音檔已生成: 45100 bytes
============================================================


============================================================
📝 TTS 請求
============================================================
輸入文字: Chit-má án-ne sī gua gí-kiānn?
原始文字: Chit-má án-ne sī gua gí-kiānn?
轉換台羅: ?
✓ 音檔已生成: 65580 bytes
============================================================


[台羅轉換] 原文: 你好！按呢過得好無？
[台羅轉換] 台羅: li2-ho2 ! an1 ia7 ho2 bo5 ?


============================================================
📝 TTS 請求
============================================================
輸入文字: 你好！
原始文字: 你好！
轉換台羅: li2-ho2 !
✓ 音檔已生成: 36908 bytes
============================================================


============================================================
📝 TTS 請求
============================================================
輸入文字: 按呢過得好無？
原始文字: 按呢過得好無？
轉換台羅: an1 ia7 ho2 bo5 ?
✓ 音檔已生成: 53292 bytes
============================================================


[台羅轉換] 原文: 真好！天氣好適合去外面走走。
[台羅轉換] 台羅: ho2 ! thinn1-khi3 ho2 khui3 bin7 .


============================================================
📝 TTS 請求
============================================================
輸入文字: 真好！
原始文字: 真好！
轉換台羅: ho2 !
✓ 音檔已生成: 20524 bytes
============================================================


============================================================
📝 TTS 請求
============================================================
輸入文字: 天氣好適合去外面走走。
原始文字: 天氣好適合去外面走走。
轉換台羅: thinn1-khi3 ho2 khui3 bin7 .
✓ 音檔已生成: 81964 bytes
============================================================


[台羅轉換] 原文: Li-hó! Guá sī 台灣台語 AI 助手, chhiáⁿ bé gōa tsò kā lí tī hàn.
[台羅轉換] 台羅: ! tai5 tai5-gi2 , .


[台羅轉換] 原文: 你好！按怎乎？
[台羅轉換] 台羅: li2-ho2 ! an1-tsuann2 hoo7 ?


============================================================
📝 TTS 請求
============================================================
輸入文字: 你好！
原始文字: 你好！
轉換台羅: li2-ho2 !
✓ 音檔已生成: 36908 bytes
============================================================


============================================================
📝 TTS 請求
============================================================
輸入文字: 按怎乎？
原始文字: 按怎乎？
轉換台羅: an1-tsuann2 hoo7 ?
✓ 音檔已生成: 45100 bytes
============================================================


[台羅轉換] 原文: 是說濟乎跤癢，欲出外走走咧！
[台羅轉換] 台羅: si7 kong2 tse7 hoo7 , bun7 ia7 !


============================================================
📝 TTS 請求
============================================================
輸入文字: 是說濟乎跤癢，欲出外走走咧！
原始文字: 是說濟乎跤癢，欲出外走走咧！
轉換台羅: si7 kong2 tse7 hoo7 , bun7 ia7 !
✓ 音檔已生成: 131116 bytes
============================================================


[台羅轉換] 原文: Li ho! Guá sī lâng-khì ê AI tsì-sim, chhiáⁿ ask guá anything!
[台羅轉換] 台羅: ! , !


[台羅轉換] 原文: 你好！按怎我欲幫你？
[台羅轉換] 台羅: li2-ho2 ! an1-tsuann2 gua2 bun7 pang1 li2 ?


============================================================
📝 TTS 請求
============================================================
輸入文字: 你好！
原始文字: 你好！
轉換台羅: li2-ho2 !
✓ 音檔已生成: 36908 bytes
============================================================


============================================================
📝 TTS 請求
============================================================
輸入文字: 按怎我欲幫你？
原始文字: 按怎我欲幫你？
轉換台羅: an1-tsuann2 gua2 bun7 pang1 li2 ?
✓ 音檔已生成: 90156 bytes
============================================================


[台羅轉換] 原文: 是說今仔日天氣毋錯，出去走走真爽！
[台羅轉換] 台羅: si7 kong2 thinn1-khi3 bu7 , khui3 !


============================================================
📝 TTS 請求
============================================================
輸入文字: 是說今仔日天氣毋錯，出去走走真爽！
原始文字: 是說今仔日天氣毋錯，出去走走真爽！
轉換台羅: si7 kong2 thinn1-khi3 bu7 , khui3 !
✓ 音檔已生成: 110636 bytes
============================================================


[台羅轉換] 原文: 你好！按呢過日子乎你捌好無？
[台羅轉換] 台羅: li2-ho2 ! an1 ia7 hoo7 li2 ho2 bo5 ?


============================================================
📝 TTS 請求
============================================================
輸入文字: 你好！
原始文字: 你好！
轉換台羅: li2-ho2 !
✓ 音檔已生成: 32812 bytes
============================================================


============================================================
📝 TTS 請求
============================================================
輸入文字: 按呢過日子乎你捌好無？
原始文字: 按呢過日子乎你捌好無？
轉換台羅: an1 ia7 hoo7 li2 ho2 bo5 ?
✓ 音檔已生成: 86060 bytes
============================================================


[台羅轉換] 原文: 是真好天氣，適合出去走走晒新氣。
[台羅轉換] 台羅: si7 ho2 , khui3 sin1 .


============================================================
📝 TTS 請求
============================================================
輸入文字: 是真好天氣，適合出去走走晒新氣。
原始文字: 是真好天氣，適合出去走走晒新氣。
轉換台羅: si7 ho2 , khui3 sin1 .
✓ 音檔已生成: 135212 bytes
============================================================


[台羅轉換] 原文: Li hó! Chhiūⁿ guá hó, li ài kóng sī án-chóa?
[台羅轉換] 台羅: ! , ?


[台羅轉換] 原文: 你好！有什麼我可以幫你解答的問題？
[台羅轉換] 台羅: li2-ho2 ! u7 sia2 gua2 thiann1 ho2 pang1 li2 kai2 tap e5 ?


============================================================
📝 TTS 請求
============================================================
輸入文字: 你好！
原始文字: 你好！
轉換台羅: li2-ho2 !
✓ 音檔已生成: 32812 bytes
============================================================


============================================================
📝 TTS 請求
============================================================
輸入文字: 有什麼我可以幫你解答的問題？
原始文字: 有什麼我可以幫你解答的問題？
轉換台羅: u7 sia2 gua2 thiann1 ho2 pang1 li2 kai2 tap e5 ?
✓ 音檔已生成: 131116 bytes
============================================================


[台羅轉換] 原文: 是啊，若是天氣好，恁愛出去走走咧，享受一下陽光。
[台羅轉換] 台羅: si7 a0 , si7 thinn1-khi3 ho2 , lin2 ai3 khui3 ia7 , tsi8t .


============================================================
📝 TTS 請求
============================================================
輸入文字: 是啊，若是天氣好，恁愛出去走走咧，享受一下陽光。
原始文字: 是啊，若是天氣好，恁愛出去走走咧，享受一下陽光。
轉換台羅: si7 a0 , si7 thinn1-khi3 ho2 , lin2 ai3 khui3 ia7 , tsi8t .
✓ 音檔已生成: 180268 bytes
============================================================


============================================================
📝 TTS 請求
============================================================
輸入文字: si7 a0 , na7-si7 thinn1-khi3 ho2 , lin2 ai3 tshuat4 khui3 tsau2-tsau2 ia7 , hiunn2-siok8 tsi8t-e7 bing5-kong1 .
✓ 檢測到台羅數字調格式，直接使用
✓ 音檔已生成: 327724 bytes
============================================================


[台羅轉換] 原文: 對啊，天氣好真愛出去曬太陽，心情才會較爽。
[台羅轉換] 台羅: tui3 a0 , thinn1-khi3 ho2 tsin1 ai3 tshuat4 khui3 jit8 , tsing5 e7 khah4 song2 .


============================================================
📝 TTS 請求
============================================================
輸入文字: tui3 a0 , thinn1-khi3 ho2 tsin1 ai3 tshuat4 khui3 jit8 , tsing5 e7 khah4 song2 .
✓ 檢測到台羅數字調格式，直接使用
✓ 音檔已生成: 286764 bytes
============================================================


============================================================
📝 TTS 請求
============================================================
輸入文字: tui3 a0
✓ 檢測到台羅數字調格式，直接使用
✓ 音檔已生成: 36908 bytes
============================================================


[台羅轉換] 原文: 我毋通食，毋過你問我我覺得飽，感謝你的關心！
[台羅轉換] 台羅: gua2 bu7 tsia8h , bu7-ko3 li2 mng7 gua2 gua2 siunn7 kong2 pa2 , lin2 kuinn1 sim1 !


[台羅轉換] 原文: 今仔日天氣蠻好的，日頭高高的，若無事真愛出去走走！
[台羅轉換] 台羅: kin1-a2-jit8 thinn1-khi3 ho2 e5 , jit8-thau5 e5 , na7 bo5 su7 tsin1 ai3 tshuat4 khui3 tsioo2 !


============================================================
📝 TTS 請求
============================================================
輸入文字: kin1-a2-jit8 thinn1-khi3 ho2 e5 , jit8-thau5 e5 , na7 bo5 su7 tsin1 ai3 tshuat4 khui3 tsioo2 !
✓ 檢測到台羅數字調格式，直接使用

[台羅轉換] 原文: 今仔日天氣真好，日頭圓圓，出去走走會覺得爽快。
[台羅轉換] 台羅: kin1-a2-jit8 thinn1-khi3 tsin1 ho2 , jit8-thau5 , tshuat4 khui3 tsioo2 e7 siunn7 kong2 sim1 song2 .


============================================================
📝 TTS 請求
============================================================
輸入文字: kin1-a2-jit8 thinn1-khi3 tsin1 ho2 , jit8-thau5 , tshuat4 khui3 tsioo2 e7 siunn7 kong2 sim1 song2 .
✓ 檢測到台羅數字調格式，直接使用

============================================================
📝 TTS 請求
============================================================
輸入文字: tui3 a0 , thinn1-khi3 ho2 tsin1 ai3 tshuat4 khui3 jit8
✓ 檢測到台羅數字調格式，直接使用
✗ 語音合成失敗，未生成檔案

============================================================
📝 TTS 請求
============================================================
輸入文字: tui3 a0
✓ 檢測到台羅數字調格式，直接使用
✗ 語音合成失敗，未生成檔案

[台羅轉換] 原文: 對啊！天氣好的時候出去走走，心情會較好咧。
[台羅轉換] 台羅: tui3 a0 ! thinn1-khi3 ho2 e5 si5-kan1 tshuat4 khui3 tsioo2 , tsing5 e7 khah4 ho2 ia7 .


============================================================
📝 TTS 請求
============================================================
輸入文字: tui3 a0 ! thinn1-khi3 ho2 e5 si5-kan1 tshuat4 khui3 tsioo2 , tsing5 e7 khah4 ho2 ia7 .
✓ 檢測到台羅數字調格式，直接使用
✓ 音檔已生成: 294956 bytes
============================================================


[台羅轉換] 原文: 你好！欲按怎？
[台羅轉換] 台羅: li2-ho2 ! bun7 an1-tsuann2 ?


============================================================
📝 TTS 請求
============================================================
輸入文字: 你好！
原始文字: 你好！
轉換台羅: li2-ho2 !
✓ 音檔已生成: 36908 bytes
============================================================


============================================================
📝 TTS 請求
============================================================
輸入文字: 欲按怎？
原始文字: 欲按怎？
轉換台羅: bun7 an1-tsuann2 ?
✓ 音檔已生成: 49196 bytes
============================================================


[台羅轉換] 原文: 是啊，天氣好適合出去走走！你欲去喔？
[台羅轉換] 台羅: si7 a0 , thinn1-khi3 ho2 tik4-hue7 tshuat4 khui3 tsioo2 ! li2 bun7 khui3 oo0 ?


============================================================
📝 TTS 請求
============================================================
輸入文字: 是啊，天氣好適合出去走走！
原始文字: 是啊，天氣好適合出去走走！
轉換台羅: si7 a0 , thinn1-khi3 ho2 tik4-hue7 tshuat4 khui3 tsioo2 !
✓ 音檔已生成: 176172 bytes
============================================================


============================================================
📝 TTS 請求
============================================================
輸入文字: 你欲去喔？
原始文字: 你欲去喔？
轉換台羅: li2 bun7 khui3 oo0 ?
✓ 音檔已生成: 57388 bytes
============================================================


[台羅轉換] 原文: 你好！請問有啥物我乎你幫忙的？
[台羅轉換] 台羅: li2-ho2 ! tshiann2 mng7 u7 siann2-mih4 gua2 hoo7 li2 tsioo7 e5 ?


============================================================
📝 TTS 請求
============================================================
輸入文字: 你好！
原始文字: 你好！
轉換台羅: li2-ho2 !
✓ 音檔已生成: 36908 bytes
============================================================


============================================================
📝 TTS 請求
============================================================
輸入文字: 請問有啥物我乎你幫忙的？
原始文字: 請問有啥物我乎你幫忙的？
轉換台羅: tshiann2 mng7 u7 siann2-mih4 gua2 hoo7 li2 tsioo7 e5 ?
✓ 音檔已生成: 135212 bytes
============================================================


[台羅轉換] 原文: 是按怎？有無受驚？地震過後嘛愛注意，免衝出去亂騷擾。
[台羅轉換] 台羅: si7 an1-tsuann2 ? u7 bo5 kuann5 ? kue3-hoo7 maa7 ai3 , tshuat4 khui3 .


============================================================
📝 TTS 請求
============================================================
輸入文字: 是按怎？
原始文字: 是按怎？
轉換台羅: si7 an1-tsuann2 ?
✓ 音檔已生成: 41004 bytes
============================================================


============================================================
📝 TTS 請求
============================================================
輸入文字: 有無受驚？
原始文字: 有無受驚？
轉換台羅: u7 bo5 kuann5 ?
✓ 音檔已生成: 49196 bytes
============================================================


============================================================
📝 TTS 請求
============================================================
輸入文字: 地震過後嘛愛注意，免衝出去亂騷擾。
原始文字: 地震過後嘛愛注意，免衝出去亂騷擾。
轉換台羅: kue3-hoo7 maa7 ai3 , tshuat4 khui3 .
✓ 音檔已生成: 81964 bytes
============================================================


[台羅轉換] 原文: 你好！按怎捏？
[台羅轉換] 台羅: li2-ho2 ! an1-tsuann2 nia7 ?


============================================================
📝 TTS 請求
============================================================
輸入文字: li2-ho2 ! an1-tsuann2 nia7 ?
✓ 檢測到台羅數字調格式，直接使用
✓ 音檔已生成: 86060 bytes
============================================================


============================================================
📝 TTS 請求
============================================================
輸入文字: li2-ho2 ! an1-tsuann2 nia7 ?
✓ 檢測到台羅數字調格式，直接使用
✓ 音檔已生成: 81964 bytes
============================================================

